kotlin version: 2.2.10
error message: java.lang.RuntimeException: Exception while generating code for:
FUN name:PostsScreen visibility:public modality:FINAL returnType:kotlin.Unit
  VALUE_PARAMETER kind:Regular name:modifier index:0 type:androidx.compose.ui.Modifier
    EXPRESSION_BODY
      ERROR_EXPR 'Default Stub' type=androidx.compose.ui.Modifier
  annotations:
    Composable
  BLOCK_BODY
    VAR PROPERTY_DELEGATE name:posts$delegate type:androidx.compose.runtime.MutableState<kotlin.collections.List<com.sar.ktor_sample1.model.Post>> [val]
      CALL 'public final fun remember <T> (calculation: @[DisallowComposableCalls] kotlin.Function0<T of androidx.compose.runtime.ComposablesKt.remember>): T of androidx.compose.runtime.ComposablesKt.remember [inline] declared in androidx.compose.runtime.ComposablesKt' type=androidx.compose.runtime.MutableState<kotlin.collections.List<com.sar.ktor_sample1.model.Post>> origin=null
        TYPE_ARG T: androidx.compose.runtime.MutableState<kotlin.collections.List<com.sar.ktor_sample1.model.Post>>
        ARG calculation: BLOCK type=kotlin.Function0<androidx.compose.runtime.MutableState<kotlin.collections.List<com.sar.ktor_sample1.model.Post>>> origin=LAMBDA
          COMPOSITE type=kotlin.Unit origin=null
          FUNCTION_REFERENCE 'private final fun PostsScreen$lambda$0 (): androidx.compose.runtime.MutableState<kotlin.collections.List<com.sar.ktor_sample1.model.Post>> declared in com.sar.ktor_sample1.ui.screen.PostsScreenKt' type=kotlin.Function0<androidx.compose.runtime.MutableState<kotlin.collections.List<com.sar.ktor_sample1.model.Post>>> origin=INLINE_LAMBDA reflectionTarget=null
    VAR PROPERTY_DELEGATE name:isLoading$delegate type:androidx.compose.runtime.MutableState<kotlin.Boolean> [val]
      CALL 'public final fun remember <T> (calculation: @[DisallowComposableCalls] kotlin.Function0<T of androidx.compose.runtime.ComposablesKt.remember>): T of androidx.compose.runtime.ComposablesKt.remember [inline] declared in androidx.compose.runtime.ComposablesKt' type=androidx.compose.runtime.MutableState<kotlin.Boolean> origin=null
        TYPE_ARG T: androidx.compose.runtime.MutableState<kotlin.Boolean>
        ARG calculation: BLOCK type=kotlin.Function0<androidx.compose.runtime.MutableState<kotlin.Boolean>> origin=LAMBDA
          COMPOSITE type=kotlin.Unit origin=null
          FUNCTION_REFERENCE 'private final fun PostsScreen$lambda$3 (): androidx.compose.runtime.MutableState<kotlin.Boolean> declared in com.sar.ktor_sample1.ui.screen.PostsScreenKt' type=kotlin.Function0<androidx.compose.runtime.MutableState<kotlin.Boolean>> origin=INLINE_LAMBDA reflectionTarget=null
    VAR PROPERTY_DELEGATE name:query$delegate type:androidx.compose.runtime.MutableState<kotlin.String> [val]
      CALL 'public final fun remember <T> (calculation: @[DisallowComposableCalls] kotlin.Function0<T of androidx.compose.runtime.ComposablesKt.remember>): T of androidx.compose.runtime.ComposablesKt.remember [inline] declared in androidx.compose.runtime.ComposablesKt' type=androidx.compose.runtime.MutableState<kotlin.String> origin=null
        TYPE_ARG T: androidx.compose.runtime.MutableState<kotlin.String>
        ARG calculation: BLOCK type=kotlin.Function0<androidx.compose.runtime.MutableState<kotlin.String>> origin=LAMBDA
          COMPOSITE type=kotlin.Unit origin=null
          FUNCTION_REFERENCE 'private final fun PostsScreen$lambda$6 (): androidx.compose.runtime.MutableState<kotlin.String> declared in com.sar.ktor_sample1.ui.screen.PostsScreenKt' type=kotlin.Function0<androidx.compose.runtime.MutableState<kotlin.String>> origin=INLINE_LAMBDA reflectionTarget=null
    VAR PROPERTY_DELEGATE name:filteredPosts$delegate type:androidx.compose.runtime.State<kotlin.collections.List<com.sar.ktor_sample1.model.Post>> [val]
      CALL 'public final fun remember <T> (key1: kotlin.Any?, calculation: @[DisallowComposableCalls] kotlin.Function0<T of androidx.compose.runtime.ComposablesKt.remember>): T of androidx.compose.runtime.ComposablesKt.remember [inline] declared in androidx.compose.runtime.ComposablesKt' type=androidx.compose.runtime.State<kotlin.collections.List<com.sar.ktor_sample1.model.Post>> origin=null
        TYPE_ARG T: androidx.compose.runtime.State<kotlin.collections.List<com.sar.ktor_sample1.model.Post>>
        ARG key1: CALL 'private final fun PostsScreen$lambda$7 ($query$delegate: androidx.compose.runtime.MutableState<kotlin.String>): kotlin.String declared in com.sar.ktor_sample1.ui.screen.PostsScreenKt' type=kotlin.String origin=GET_LOCAL_PROPERTY
          ARG $query$delegate: GET_VAR 'val query$delegate: androidx.compose.runtime.MutableState<kotlin.String> [val] declared in com.sar.ktor_sample1.ui.screen.PostsScreenKt.PostsScreen' type=androidx.compose.runtime.MutableState<kotlin.String> origin=null
        ARG calculation: BLOCK type=kotlin.Function0<androidx.compose.runtime.State<kotlin.collections.List<com.sar.ktor_sample1.model.Post>>> origin=LAMBDA
          COMPOSITE type=kotlin.Unit origin=null
          FUNCTION_REFERENCE 'private final fun PostsScreen$lambda$9 ($query$delegate: androidx.compose.runtime.MutableState<kotlin.String>, $posts$delegate: androidx.compose.runtime.MutableState<kotlin.collections.List<com.sar.ktor_sample1.model.Post>>): androidx.compose.runtime.State<kotlin.collections.List<com.sar.ktor_sample1.model.Post>> declared in com.sar.ktor_sample1.ui.screen.PostsScreenKt' type=kotlin.Function0<androidx.compose.runtime.State<kotlin.collections.List<com.sar.ktor_sample1.model.Post>>> origin=INLINE_LAMBDA reflectionTarget=null
            ARG $query$delegate: GET_VAR 'val query$delegate: androidx.compose.runtime.MutableState<kotlin.String> [val] declared in com.sar.ktor_sample1.ui.screen.PostsScreenKt.PostsScreen' type=androidx.compose.runtime.MutableState<kotlin.String> origin=null
            ARG $posts$delegate: GET_VAR 'val posts$delegate: androidx.compose.runtime.MutableState<kotlin.collections.List<com.sar.ktor_sample1.model.Post>> [val] declared in com.sar.ktor_sample1.ui.screen.PostsScreenKt.PostsScreen' type=androidx.compose.runtime.MutableState<kotlin.collections.List<com.sar.ktor_sample1.model.Post>> origin=null
    CALL 'public final fun LaunchedEffect (key1: kotlin.Any?, block: @[ExtensionFunctionType] kotlin.coroutines.SuspendFunction1<kotlinx.coroutines.CoroutineScope, kotlin.Unit>): kotlin.Unit declared in androidx.compose.runtime.EffectsKt' type=kotlin.Unit origin=null
      ARG key1: GET_FIELD 'FIELD FIELD_FOR_OBJECT_INSTANCE name:INSTANCE type:kotlin.Unit visibility:public [final,static] declared in kotlin.Unit' type=kotlin.Unit origin=null
      ARG block: BLOCK type=com.sar.ktor_sample1.ui.screen.PostsScreenKt.PostsScreen.<no name provided> origin=null
        CLASS SUSPEND_LAMBDA CLASS name:<no name provided> modality:FINAL visibility:public/*package*/ superTypes:[kotlin.coroutines.jvm.internal.SuspendLambda; kotlin.jvm.functions.Function2<kotlinx.coroutines.CoroutineScope, kotlin.coroutines.Continuation<kotlin.Unit>?, kotlin.Any?>]
          thisReceiver: VALUE_PARAMETER INSTANCE_RECEIVER kind:DispatchReceiver name:<this> type:com.sar.ktor_sample1.ui.screen.PostsScreenKt.PostsScreen.<no name provided>
          FIELD name:label type:kotlin.Int visibility:public/*package*/
          CONSTRUCTOR SUSPEND_LAMBDA visibility:public/*package*/ returnType:com.sar.ktor_sample1.ui.screen.PostsScreenKt.PostsScreen.<no name provided> [primary]
            VALUE_PARAMETER BOUND_VALUE_PARAMETER kind:Regular name:$isLoading$delegate index:0 type:androidx.compose.runtime.MutableState<kotlin.Boolean>
            VALUE_PARAMETER BOUND_VALUE_PARAMETER kind:Regular name:$posts$delegate index:1 type:androidx.compose.runtime.MutableState<kotlin.collections.List<com.sar.ktor_sample1.model.Post>>
            VALUE_PARAMETER BOUND_VALUE_PARAMETER kind:Regular name:$query$delegate index:2 type:androidx.compose.runtime.MutableState<kotlin.String>
            VALUE_PARAMETER kind:Regular name:$completion index:3 type:kotlin.coroutines.Continuation<com.sar.ktor_sample1.ui.screen.PostsScreenKt.PostsScreen.<no name provided>>?
            BLOCK_BODY
              SET_FIELD 'FIELD FIELD_FOR_CAPTURED_VALUE name:$isLoading$delegate type:androidx.compose.runtime.MutableState<kotlin.Boolean> visibility:public/*package*/ [final] declared in com.sar.ktor_sample1.ui.screen.PostsScreenKt.PostsScreen.<no name provided>' type=kotlin.Unit origin=INITIALIZER_OF_FIELD_FOR_CAPTURED_VALUE
                receiver: GET_VAR '<this>: com.sar.ktor_sample1.ui.screen.PostsScreenKt.PostsScreen.<no name provided> declared in com.sar.ktor_sample1.ui.screen.PostsScreenKt.PostsScreen.<no name provided>' type=com.sar.ktor_sample1.ui.screen.PostsScreenKt.PostsScreen.<no name provided> origin=null
                value: GET_VAR '$isLoading$delegate: androidx.compose.runtime.MutableState<kotlin.Boolean> declared in com.sar.ktor_sample1.ui.screen.PostsScreenKt.PostsScreen.<no name provided>.<init>' type=androidx.compose.runtime.MutableState<kotlin.Boolean> origin=null
              SET_FIELD 'FIELD FIELD_FOR_CAPTURED_VALUE name:$posts$delegate type:androidx.compose.runtime.MutableState<kotlin.collections.List<com.sar.ktor_sample1.model.Post>> visibility:public/*package*/ [final] declared in com.sar.ktor_sample1.ui.screen.PostsScreenKt.PostsScreen.<no name provided>' type=kotlin.Unit origin=INITIALIZER_OF_FIELD_FOR_CAPTURED_VALUE
                receiver: GET_VAR '<this>: com.sar.ktor_sample1.ui.screen.PostsScreenKt.PostsScreen.<no name provided> declared in com.sar.ktor_sample1.ui.screen.PostsScreenKt.PostsScreen.<no name provided>' type=com.sar.ktor_sample1.ui.screen.PostsScreenKt.PostsScreen.<no name provided> origin=null
                value: GET_VAR '$posts$delegate: androidx.compose.runtime.MutableState<kotlin.collections.List<com.sar.ktor_sample1.model.Post>> declared in com.sar.ktor_sample1.ui.screen.PostsScreenKt.PostsScreen.<no name provided>.<init>' type=androidx.compose.runtime.MutableState<kotlin.collections.List<com.sar.ktor_sample1.model.Post>> origin=null
              SET_FIELD 'FIELD FIELD_FOR_CAPTURED_VALUE name:$query$delegate type:androidx.compose.runtime.MutableState<kotlin.String> visibility:public/*package*/ [final] declared in com.sar.ktor_sample1.ui.screen.PostsScreenKt.PostsScreen.<no name provided>' type=kotlin.Unit origin=INITIALIZER_OF_FIELD_FOR_CAPTURED_VALUE
                receiver: GET_VAR '<this>: com.sar.ktor_sample1.ui.screen.PostsScreenKt.PostsScreen.<no name provided> declared in com.sar.ktor_sample1.ui.screen.PostsScreenKt.PostsScreen.<no name provided>' type=com.sar.ktor_sample1.ui.screen.PostsScreenKt.PostsScreen.<no name provided> origin=null
                value: GET_VAR '$query$delegate: androidx.compose.runtime.MutableState<kotlin.String> declared in com.sar.ktor_sample1.ui.screen.PostsScreenKt.PostsScreen.<no name provided>.<init>' type=androidx.compose.runtime.MutableState<kotlin.String> origin=null
              DELEGATING_CONSTRUCTOR_CALL 'public constructor <init> (arity: kotlin.Int, $completion: kotlin.coroutines.Continuation<kotlin.Any?>?) declared in kotlin.coroutines.jvm.internal.SuspendLambda'
                ARG arity: CONST Int type=kotlin.Int value=2
                ARG $completion: GET_VAR '$completion: kotlin.coroutines.Continuation<com.sar.ktor_sample1.ui.screen.PostsScreenKt.PostsScreen.<no name provided>>? declared in com.sar.ktor_sample1.ui.screen.PostsScreenKt.PostsScreen.<no name provided>.<init>' type=kotlin.coroutines.Continuation<com.sar.ktor_sample1.ui.screen.PostsScreenKt.PostsScreen.<no name provided>>? origin=null
              BLOCK type=kotlin.Unit origin=null
          FUN name:invokeSuspend visibility:public modality:FINAL returnType:kotlin.Any?
            VALUE_PARAMETER INSTANCE_RECEIVER kind:DispatchReceiver name:<this> index:0 type:com.sar.ktor_sample1.ui.screen.PostsScreenKt.PostsScreen.<no name provided>
            VALUE_PARAMETER kind:Regular name:$result index:1 type:kotlin.Result<kotlin.Any?>
            overridden:
              protected abstract fun invokeSuspend ($result: kotlin.Result<kotlin.Any?>): kotlin.Any? declared in kotlin.coroutines.jvm.internal.SuspendLambda
            BLOCK_BODY
              CALL 'public final fun access$PostsScreen$lambda$5 ($isLoading$delegate: androidx.compose.runtime.MutableState<kotlin.Boolean>, <set-?>: kotlin.Boolean): kotlin.Unit declared in com.sar.ktor_sample1.ui.screen.PostsScreenKt' type=kotlin.Unit origin=EQ
                ARG $isLoading$delegate: GET_FIELD 'FIELD FIELD_FOR_CAPTURED_VALUE name:$isLoading$delegate type:androidx.compose.runtime.MutableState<kotlin.Boolean> visibility:public/*package*/ [final] declared in com.sar.ktor_sample1.ui.screen.PostsScreenKt.PostsScreen.<no name provided>' type=androidx.compose.runtime.MutableState<kotlin.Boolean> origin=null
                  receiver: GET_VAR '<this>: com.sar.ktor_sample1.ui.screen.PostsScreenKt.PostsScreen.<no name provided> declared in com.sar.ktor_sample1.ui.screen.PostsScreenKt.PostsScreen.<no name provided>.invokeSuspend' type=com.sar.ktor_sample1.ui.screen.PostsScreenKt.PostsScreen.<no name provided> origin=null
                ARG <set-?>: CONST Boolean type=kotlin.Boolean value=true
              COMPOSITE type=kotlin.Unit origin=null
                CALL 'public final fun also <T> (<this>: T of kotlin.StandardKt.also, block: kotlin.Function1<T of kotlin.StandardKt.also, kotlin.Unit>): T of kotlin.StandardKt.also [inline] declared in kotlin.StandardKt' type=kotlin.Any origin=null
                  TYPE_ARG T: kotlin.Any
                  ARG <this>: CALL 'public final fun fold <R, T> (<this>: kotlin.Result<T of kotlin.ResultKt.fold>, onSuccess: kotlin.Function1<@[ParameterName(name = "value")] T of kotlin.ResultKt.fold, R of kotlin.ResultKt.fold>, onFailure: kotlin.Function1<@[ParameterName(name = "exception")] kotlin.Throwable, R of kotlin.ResultKt.fold>): R of kotlin.ResultKt.fold [inline] declared in kotlin.ResultKt' type=kotlin.Any origin=null
                    TYPE_ARG R: kotlin.Any
                    TYPE_ARG T: kotlin.collections.List<com.sar.ktor_sample1.model.Post>
                    ARG <this>: CALL 'public final fun getPosts-IoAF18A ($completion: kotlin.coroutines.Continuation<kotlin.Result<kotlin.collections.List<com.sar.ktor_sample1.model.Post>>>): kotlin.Any? [suspend] declared in com.sar.ktor_sample1.data.ApiService' type=kotlin.Result<kotlin.collections.List<com.sar.ktor_sample1.model.Post>> origin=null
                      ARG <this>: CONSTRUCTOR_CALL 'public constructor <init> (client: io.ktor.client.HttpClient?, $mask0: kotlin.Int, $marker: kotlin.jvm.internal.DefaultConstructorMarker?) declared in com.sar.ktor_sample1.data.ApiService' type=com.sar.ktor_sample1.data.ApiService origin=DEFAULT_DISPATCH_CALL
                        ARG client: COMPOSITE type=io.ktor.client.HttpClient? origin=DEFAULT_VALUE
                          CONST Null type=io.ktor.client.HttpClient? value=null
                        ARG $mask0: CONST Int type=kotlin.Int value=1
                        ARG $marker: CONST Null type=kotlin.jvm.internal.DefaultConstructorMarker? value=null
                      ARG $completion: GET_VAR '<this>: com.sar.ktor_sample1.ui.screen.PostsScreenKt.PostsScreen.<no name provided> declared in com.sar.ktor_sample1.ui.screen.PostsScreenKt.PostsScreen.<no name provided>.invokeSuspend' type=com.sar.ktor_sample1.ui.screen.PostsScreenKt.PostsScreen.<no name provided> origin=null
                    ARG onSuccess: BLOCK type=kotlin.Function1<kotlin.collections.List<com.sar.ktor_sample1.model.Post>, kotlin.Unit> origin=LAMBDA
                      COMPOSITE type=kotlin.Unit origin=null
                      FUNCTION_REFERENCE 'private final fun invokeSuspend$lambda$0 ($posts$delegate: androidx.compose.runtime.MutableState<kotlin.collections.List<com.sar.ktor_sample1.model.Post>>, $query$delegate: androidx.compose.runtime.MutableState<kotlin.String>, postList: kotlin.collections.List<com.sar.ktor_sample1.model.Post>): kotlin.Unit declared in com.sar.ktor_sample1.ui.screen.PostsScreenKt.PostsScreen.<no name provided>' type=kotlin.Function1<kotlin.collections.List<com.sar.ktor_sample1.model.Post>, kotlin.Unit> origin=INLINE_LAMBDA reflectionTarget=null
                        ARG $posts$delegate: GET_FIELD 'FIELD FIELD_FOR_CAPTURED_VALUE name:$posts$delegate type:androidx.compose.runtime.MutableState<kotlin.collections.List<com.sar.ktor_sample1.model.Post>> visibility:public/*package*/ [final] declared in com.sar.ktor_sample1.ui.screen.PostsScreenKt.PostsScreen.<no name provided>' type=androidx.compose.runtime.MutableState<kotlin.collections.List<com.sar.ktor_sample1.model.Post>> origin=null
                          receiver: GET_VAR '<this>: com.sar.ktor_sample1.ui.screen.PostsScreenKt.PostsScreen.<no name provided> declared in com.sar.ktor_sample1.ui.screen.PostsScreenKt.PostsScreen.<no name provided>.invokeSuspend' type=com.sar.ktor_sample1.ui.screen.PostsScreenKt.PostsScreen.<no name provided> origin=null
                        ARG $query$delegate: GET_FIELD 'FIELD FIELD_FOR_CAPTURED_VALUE name:$query$delegate type:androidx.compose.runtime.MutableState<kotlin.String> visibility:public/*package*/ [final] declared in com.sar.ktor_sample1.ui.screen.PostsScreenKt.PostsScreen.<no name provided>' type=androidx.compose.runtime.MutableState<kotlin.String> origin=null
                          receiver: GET_VAR '<this>: com.sar.ktor_sample1.ui.screen.PostsScreenKt.PostsScreen.<no name provided> declared in com.sar.ktor_sample1.ui.screen.PostsScreenKt.PostsScreen.<no name provided>.invokeSuspend' type=com.sar.ktor_sample1.ui.screen.PostsScreenKt.PostsScreen.<no name provided> origin=null
                    ARG onFailure: BLOCK type=kotlin.Function1<kotlin.Throwable, kotlin.Any> origin=LAMBDA
                      COMPOSITE type=kotlin.Unit origin=null
                      FUNCTION_REFERENCE 'private final fun invokeSuspend$lambda$1 (it: kotlin.Throwable): kotlin.Any declared in com.sar.ktor_sample1.ui.screen.PostsScreenKt.PostsScreen.<no name provided>' type=kotlin.Function1<kotlin.Throwable, kotlin.Any> origin=INLINE_LAMBDA reflectionTarget=null
                  ARG block: BLOCK type=kotlin.Function1<kotlin.Any, kotlin.Unit> origin=LAMBDA
                    COMPOSITE type=kotlin.Unit origin=null
                    FUNCTION_REFERENCE 'private final fun invokeSuspend$lambda$2 ($isLoading$delegate: androidx.compose.runtime.MutableState<kotlin.Boolean>, it: kotlin.Any): kotlin.Unit declared in com.sar.ktor_sample1.ui.screen.PostsScreenKt.PostsScreen.<no name provided>' type=kotlin.Function1<kotlin.Any, kotlin.Unit> origin=INLINE_LAMBDA reflectionTarget=null
                      ARG $isLoading$delegate: GET_FIELD 'FIELD FIELD_FOR_CAPTURED_VALUE name:$isLoading$delegate type:androidx.compose.runtime.MutableState<kotlin.Boolean> visibility:public/*package*/ [final] declared in com.sar.ktor_sample1.ui.screen.PostsScreenKt.PostsScreen.<no name provided>' type=androidx.compose.runtime.MutableState<kotlin.Boolean> origin=null
                        receiver: GET_VAR '<this>: com.sar.ktor_sample1.ui.screen.PostsScreenKt.PostsScreen.<no name provided> declared in com.sar.ktor_sample1.ui.screen.PostsScreenKt.PostsScreen.<no name provided>.invokeSuspend' type=com.sar.ktor_sample1.ui.screen.PostsScreenKt.PostsScreen.<no name provided> origin=null
                COMPOSITE type=kotlin.Unit origin=null
          FUN name:create visibility:public modality:FINAL returnType:kotlin.coroutines.Continuation<kotlin.Unit>
            VALUE_PARAMETER INSTANCE_RECEIVER kind:DispatchReceiver name:<this> index:0 type:com.sar.ktor_sample1.ui.screen.PostsScreenKt.PostsScreen.<no name provided>
            VALUE_PARAMETER kind:Regular name:value index:1 type:kotlin.Any?
            VALUE_PARAMETER kind:Regular name:$completion index:2 type:kotlin.coroutines.Continuation<kotlin.Nothing>
            overridden:
              public open fun create (value: kotlin.Any?, $completion: kotlin.coroutines.Continuation<kotlin.Nothing>): kotlin.coroutines.Continuation<kotlin.Unit> declared in kotlin.coroutines.jvm.internal.SuspendLambda
            BLOCK_BODY
              RETURN type=kotlin.Nothing from='public final fun create (value: kotlin.Any?, $completion: kotlin.coroutines.Continuation<kotlin.Nothing>): kotlin.coroutines.Continuation<kotlin.Unit> declared in com.sar.ktor_sample1.ui.screen.PostsScreenKt.PostsScreen.<no name provided>'
                CONSTRUCTOR_CALL 'public/*package*/ constructor <init> ($isLoading$delegate: androidx.compose.runtime.MutableState<kotlin.Boolean>, $posts$delegate: androidx.compose.runtime.MutableState<kotlin.collections.List<com.sar.ktor_sample1.model.Post>>, $query$delegate: androidx.compose.runtime.MutableState<kotlin.String>, $completion: kotlin.coroutines.Continuation<com.sar.ktor_sample1.ui.screen.PostsScreenKt.PostsScreen.<no name provided>>?) [primary] declared in com.sar.ktor_sample1.ui.screen.PostsScreenKt.PostsScreen.<no name provided>' type=com.sar.ktor_sample1.ui.screen.PostsScreenKt.PostsScreen.<no name provided> origin=null
                  ARG $isLoading$delegate: GET_FIELD 'FIELD FIELD_FOR_CAPTURED_VALUE name:$isLoading$delegate type:androidx.compose.runtime.MutableState<kotlin.Boolean> visibility:public/*package*/ [final] declared in com.sar.ktor_sample1.ui.screen.PostsScreenKt.PostsScreen.<no name provided>' type=androidx.compose.runtime.MutableState<kotlin.Boolean> origin=null
                    receiver: GET_VAR '<this>: com.sar.ktor_sample1.ui.screen.PostsScreenKt.PostsScreen.<no name provided> declared in com.sar.ktor_sample1.ui.screen.PostsScreenKt.PostsScreen.<no name provided>.create' type=com.sar.ktor_sample1.ui.screen.PostsScreenKt.PostsScreen.<no name provided> origin=null
                  ARG $posts$delegate: GET_FIELD 'FIELD FIELD_FOR_CAPTURED_VALUE name:$posts$delegate type:androidx.compose.runtime.MutableState<kotlin.collections.List<com.sar.ktor_sample1.model.Post>> visibility:public/*package*/ [final] declared in com.sar.ktor_sample1.ui.screen.PostsScreenKt.PostsScreen.<no name provided>' type=androidx.compose.runtime.MutableState<kotlin.collections.List<com.sar.ktor_sample1.model.Post>> origin=null
                    receiver: GET_VAR '<this>: com.sar.ktor_sample1.ui.screen.PostsScreenKt.PostsScreen.<no name provided> declared in com.sar.ktor_sample1.ui.screen.PostsScreenKt.PostsScreen.<no name provided>.create' type=com.sar.ktor_sample1.ui.screen.PostsScreenKt.PostsScreen.<no name provided> origin=null
                  ARG $query$delegate: GET_FIELD 'FIELD FIELD_FOR_CAPTURED_VALUE name:$query$delegate type:androidx.compose.runtime.MutableState<kotlin.String> visibility:public/*package*/ [final] declared in com.sar.ktor_sample1.ui.screen.PostsScreenKt.PostsScreen.<no name provided>' type=androidx.compose.runtime.MutableState<kotlin.String> origin=null
                    receiver: GET_VAR '<this>: com.sar.ktor_sample1.ui.screen.PostsScreenKt.PostsScreen.<no name provided> declared in com.sar.ktor_sample1.ui.screen.PostsScreenKt.PostsScreen.<no name provided>.create' type=com.sar.ktor_sample1.ui.screen.PostsScreenKt.PostsScreen.<no name provided> origin=null
                  ARG $completion: GET_VAR '$completion: kotlin.coroutines.Continuation<kotlin.Nothing> declared in com.sar.ktor_sample1.ui.screen.PostsScreenKt.PostsScreen.<no name provided>.create' type=kotlin.coroutines.Continuation<kotlin.Nothing> origin=null
          FUN name:invoke visibility:public modality:FINAL returnType:kotlin.Any?
            VALUE_PARAMETER INSTANCE_RECEIVER kind:DispatchReceiver name:<this> index:0 type:com.sar.ktor_sample1.ui.screen.PostsScreenKt.PostsScreen.<no name provided>
            VALUE_PARAMETER kind:Regular name:p1 index:1 type:kotlinx.coroutines.CoroutineScope
            VALUE_PARAMETER kind:Regular name:p2 index:2 type:kotlin.coroutines.Continuation<kotlin.Unit>?
            overridden:
              public abstract fun invoke (p1: P1 of kotlin.jvm.functions.Function2, p2: P2 of kotlin.jvm.functions.Function2): R of kotlin.jvm.functions.Function2 declared in kotlin.jvm.functions.Function2
            BLOCK_BODY
              RETURN type=kotlin.Nothing from='public final fun invoke (p1: kotlinx.coroutines.CoroutineScope, p2: kotlin.coroutines.Continuation<kotlin.Unit>?): kotlin.Any? declared in com.sar.ktor_sample1.ui.screen.PostsScreenKt.PostsScreen.<no name provided>'
                CALL 'public final fun invokeSuspend ($result: kotlin.Result<kotlin.Any?>): kotlin.Any? declared in com.sar.ktor_sample1.ui.screen.PostsScreenKt.PostsScreen.<no name provided>' type=kotlin.Any? origin=null
                  ARG <this>: TYPE_OP type=com.sar.ktor_sample1.ui.screen.PostsScreenKt.PostsScreen.<no name provided> origin=IMPLICIT_CAST typeOperand=com.sar.ktor_sample1.ui.screen.PostsScreenKt.PostsScreen.<no name provided>
                    CALL 'public final fun create (value: kotlin.Any?, $completion: kotlin.coroutines.Continuation<kotlin.Nothing>): kotlin.coroutines.Continuation<kotlin.Unit> declared in com.sar.ktor_sample1.ui.screen.PostsScreenKt.PostsScreen.<no name provided>' type=kotlin.coroutines.Continuation<kotlin.Unit> origin=null
                      ARG <this>: GET_VAR '<this>: com.sar.ktor_sample1.ui.screen.PostsScreenKt.PostsScreen.<no name provided> declared in com.sar.ktor_sample1.ui.screen.PostsScreenKt.PostsScreen.<no name provided>.invoke' type=com.sar.ktor_sample1.ui.screen.PostsScreenKt.PostsScreen.<no name provided> origin=null
                      ARG value: GET_VAR 'p1: kotlinx.coroutines.CoroutineScope declared in com.sar.ktor_sample1.ui.screen.PostsScreenKt.PostsScreen.<no name provided>.invoke' type=kotlinx.coroutines.CoroutineScope origin=null
                      ARG $completion: GET_VAR 'p2: kotlin.coroutines.Continuation<kotlin.Unit>? declared in com.sar.ktor_sample1.ui.screen.PostsScreenKt.PostsScreen.<no name provided>.invoke' type=kotlin.coroutines.Continuation<kotlin.Unit>? origin=null
                  ARG $result: CALL 'public final fun <unsafe-coerce> <T, R> (v: T of kotlin.jvm.internal.<unsafe-coerce>): R of kotlin.jvm.internal.<unsafe-coerce> declared in kotlin.jvm.internal' type=kotlin.Result<kotlin.Any?> origin=null
                    TYPE_ARG T: kotlin.Any?
                    TYPE_ARG R: kotlin.Result<kotlin.Any?>
                    ARG v: GET_FIELD 'FIELD FIELD_FOR_OBJECT_INSTANCE name:INSTANCE type:kotlin.Unit visibility:public [final,static] declared in kotlin.Unit' type=kotlin.Unit origin=null
          FIELD FIELD_FOR_CAPTURED_VALUE name:$isLoading$delegate type:androidx.compose.runtime.MutableState<kotlin.Boolean> visibility:public/*package*/ [final]
          FIELD FIELD_FOR_CAPTURED_VALUE name:$posts$delegate type:androidx.compose.runtime.MutableState<kotlin.collections.List<com.sar.ktor_sample1.model.Post>> visibility:public/*package*/ [final]
          FIELD FIELD_FOR_CAPTURED_VALUE name:$query$delegate type:androidx.compose.runtime.MutableState<kotlin.String> visibility:public/*package*/ [final]
          FUN INLINE_LAMBDA name:invokeSuspend$lambda$0 visibility:private modality:FINAL returnType:kotlin.Unit
            VALUE_PARAMETER BOUND_VALUE_PARAMETER kind:Regular name:$posts$delegate index:0 type:androidx.compose.runtime.MutableState<kotlin.collections.List<com.sar.ktor_sample1.model.Post>>
            VALUE_PARAMETER BOUND_VALUE_PARAMETER kind:Regular name:$query$delegate index:1 type:androidx.compose.runtime.MutableState<kotlin.String>
            VALUE_PARAMETER kind:Regular name:postList index:2 type:kotlin.collections.List<com.sar.ktor_sample1.model.Post>
            BLOCK_BODY
              VAR name:$i$a$-fold-PostsScreenKt$PostsScreen$1$1 type:kotlin.Int [val]
                CONST Int type=kotlin.Int value=0
              CALL 'public final fun access$PostsScreen$lambda$2 ($posts$delegate: androidx.compose.runtime.MutableState<kotlin.collections.List<com.sar.ktor_sample1.model.Post>>, <set-?>: kotlin.collections.List<com.sar.ktor_sample1.model.Post>): kotlin.Unit declared in com.sar.ktor_sample1.ui.screen.PostsScreenKt' type=kotlin.Unit origin=EQ
                ARG $posts$delegate: GET_VAR '$posts$delegate: androidx.compose.runtime.MutableState<kotlin.collections.List<com.sar.ktor_sample1.model.Post>> declared in com.sar.ktor_sample1.ui.screen.PostsScreenKt.PostsScreen.<no name provided>.invokeSuspend$lambda$0' type=androidx.compose.runtime.MutableState<kotlin.collections.List<com.sar.ktor_sample1.model.Post>> origin=null
                ARG <set-?>: GET_VAR 'postList: kotlin.collections.List<com.sar.ktor_sample1.model.Post> declared in com.sar.ktor_sample1.ui.screen.PostsScreenKt.PostsScreen.<no name provided>.invokeSuspend$lambda$0' type=kotlin.collections.List<com.sar.ktor_sample1.model.Post> origin=null
              CALL 'public final fun access$PostsScreen$lambda$8 ($query$delegate: androidx.compose.runtime.MutableState<kotlin.String>, <set-?>: kotlin.String): kotlin.Unit declared in com.sar.ktor_sample1.ui.screen.PostsScreenKt' type=kotlin.Unit origin=EQ
                ARG $query$delegate: GET_VAR '$query$delegate: androidx.compose.runtime.MutableState<kotlin.String> declared in com.sar.ktor_sample1.ui.screen.PostsScreenKt.PostsScreen.<no name provided>.invokeSuspend$lambda$0' type=androidx.compose.runtime.MutableState<kotlin.String> origin=null
                ARG <set-?>: CONST String type=kotlin.String value=""
          FUN INLINE_LAMBDA name:invokeSuspend$lambda$1 visibility:private modality:FINAL returnType:kotlin.Any
            VALUE_PARAMETER kind:Regular name:it index:0 type:kotlin.Throwable
            BLOCK_BODY
              VAR name:$i$a$-fold-PostsScreenKt$PostsScreen$1$2 type:kotlin.Int [val]
                CONST Int type=kotlin.Int value=0
              RETURN type=kotlin.Nothing from='private final fun invokeSuspend$lambda$1 (it: kotlin.Throwable): kotlin.Any declared in com.sar.ktor_sample1.ui.screen.PostsScreenKt.PostsScreen.<no name provided>'
                CALL 'public open fun e (p0: @[EnhancedNullability] kotlin.String?, p1: @[EnhancedNullability] kotlin.String): kotlin.Int declared in android.util.Log' type=kotlin.Int origin=null
                  ARG p0: CONST String type=kotlin.String value=""
                  ARG p1: BLOCK type=kotlin.String origin=FOLDED_ELVIS
                    WHEN type=kotlin.String origin=FOLDED_ELVIS
                      BRANCH
                        if: COMPOSITE type=kotlin.Boolean origin=null
                          VAR IR_TEMPORARY_VARIABLE name:tmp0_elvis_lhs type:kotlin.String? [val]
                            CALL 'public open fun <get-message> (): kotlin.String? declared in kotlin.Throwable' type=kotlin.String? origin=GET_PROPERTY
                              ARG <this>: GET_VAR 'it: kotlin.Throwable declared in com.sar.ktor_sample1.ui.screen.PostsScreenKt.PostsScreen.<no name provided>.invokeSuspend$lambda$1' type=kotlin.Throwable origin=null
                          CALL 'public final fun not (): kotlin.Boolean [operator] declared in kotlin.Boolean' type=kotlin.Boolean origin=null
                            ARG <this>: CALL 'public final fun EQEQ (arg0: kotlin.Any?, arg1: kotlin.Any?): kotlin.Boolean declared in kotlin.internal.ir' type=kotlin.Boolean origin=null
                              ARG arg0: GET_VAR 'val tmp0_elvis_lhs: kotlin.String? [val] declared in com.sar.ktor_sample1.ui.screen.PostsScreenKt.PostsScreen.<no name provided>.invokeSuspend$lambda$1' type=kotlin.String? origin=null
                              ARG arg1: CONST Null type=kotlin.Nothing? value=null
                        then: GET_VAR 'val tmp0_elvis_lhs: kotlin.String? [val] declared in com.sar.ktor_sample1.ui.screen.PostsScreenKt.PostsScreen.<no name provided>.invokeSuspend$lambda$1' type=kotlin.String? origin=null
                      BRANCH
                        if: CONST Boolean type=kotlin.Boolean value=true
                        then: CONST String type=kotlin.String value="Something went wrong!"
          FUN INLINE_LAMBDA name:invokeSuspend$lambda$2 visibility:private modality:FINAL returnType:kotlin.Unit
            VALUE_PARAMETER BOUND_VALUE_PARAMETER kind:Regular name:$isLoading$delegate index:0 type:androidx.compose.runtime.MutableState<kotlin.Boolean>
            VALUE_PARAMETER kind:Regular name:it index:1 type:kotlin.Any
            BLOCK_BODY
              VAR name:$i$a$-also-PostsScreenKt$PostsScreen$1$3 type:kotlin.Int [val]
                CONST Int type=kotlin.Int value=0
              CALL 'public final fun access$PostsScreen$lambda$5 ($isLoading$delegate: androidx.compose.runtime.MutableState<kotlin.Boolean>, <set-?>: kotlin.Boolean): kotlin.Unit declared in com.sar.ktor_sample1.ui.screen.PostsScreenKt' type=kotlin.Unit origin=EQ
                ARG $isLoading$delegate: GET_VAR '$isLoading$delegate: androidx.compose.runtime.MutableState<kotlin.Boolean> declared in com.sar.ktor_sample1.ui.screen.PostsScreenKt.PostsScreen.<no name provided>.invokeSuspend$lambda$2' type=androidx.compose.runtime.MutableState<kotlin.Boolean> origin=null
                ARG <set-?>: CONST Boolean type=kotlin.Boolean value=false
          FUN BRIDGE name:invoke visibility:public modality:OPEN returnType:kotlin.Any?
            VALUE_PARAMETER INSTANCE_RECEIVER kind:DispatchReceiver name:<this> index:0 type:com.sar.ktor_sample1.ui.screen.PostsScreenKt.PostsScreen.<no name provided>
            VALUE_PARAMETER BRIDGE kind:Regular name:p1 index:1 type:kotlin.Any?
            VALUE_PARAMETER BRIDGE kind:Regular name:p2 index:2 type:kotlin.Any?
            EXPRESSION_BODY
              RETURN type=kotlin.Nothing from='public open fun invoke (p1: kotlin.Any?, p2: kotlin.Any?): kotlin.Any? declared in com.sar.ktor_sample1.ui.screen.PostsScreenKt.PostsScreen.<no name provided>'
                CALL 'public final fun invoke (p1: kotlinx.coroutines.CoroutineScope, p2: kotlin.coroutines.Continuation<kotlin.Unit>?): kotlin.Any? declared in com.sar.ktor_sample1.ui.screen.PostsScreenKt.PostsScreen.<no name provided>' type=kotlin.Any? origin=BRIDGE_DELEGATION
                  ARG <this>: GET_VAR '<this>: com.sar.ktor_sample1.ui.screen.PostsScreenKt.PostsScreen.<no name provided> declared in com.sar.ktor_sample1.ui.screen.PostsScreenKt.PostsScreen.<no name provided>.invoke' type=com.sar.ktor_sample1.ui.screen.PostsScreenKt.PostsScreen.<no name provided> origin=null
                  ARG p1: TYPE_OP type=kotlinx.coroutines.CoroutineScope origin=IMPLICIT_CAST typeOperand=kotlinx.coroutines.CoroutineScope
                    GET_VAR 'p1: kotlin.Any? declared in com.sar.ktor_sample1.ui.screen.PostsScreenKt.PostsScreen.<no name provided>.invoke' type=kotlin.Any? origin=null
                  ARG p2: TYPE_OP type=kotlin.coroutines.Continuation<*> origin=IMPLICIT_CAST typeOperand=kotlin.coroutines.Continuation<*>
                    GET_VAR 'p2: kotlin.Any? declared in com.sar.ktor_sample1.ui.screen.PostsScreenKt.PostsScreen.<no name provided>.invoke' type=kotlin.Any? origin=null
        CONSTRUCTOR_CALL 'public/*package*/ constructor <init> ($isLoading$delegate: androidx.compose.runtime.MutableState<kotlin.Boolean>, $posts$delegate: androidx.compose.runtime.MutableState<kotlin.collections.List<com.sar.ktor_sample1.model.Post>>, $query$delegate: androidx.compose.runtime.MutableState<kotlin.String>, $completion: kotlin.coroutines.Continuation<com.sar.ktor_sample1.ui.screen.PostsScreenKt.PostsScreen.<no name provided>>?) [primary] declared in com.sar.ktor_sample1.ui.screen.PostsScreenKt.PostsScreen.<no name provided>' type=com.sar.ktor_sample1.ui.screen.PostsScreenKt.PostsScreen.<no name provided> origin=null
          ARG $isLoading$delegate: GET_VAR 'val isLoading$delegate: androidx.compose.runtime.MutableState<kotlin.Boolean> [val] declared in com.sar.ktor_sample1.ui.screen.PostsScreenKt.PostsScreen' type=androidx.compose.runtime.MutableState<kotlin.Boolean> origin=null
          ARG $posts$delegate: GET_VAR 'val posts$delegate: androidx.compose.runtime.MutableState<kotlin.collections.List<com.sar.ktor_sample1.model.Post>> [val] declared in com.sar.ktor_sample1.ui.screen.PostsScreenKt.PostsScreen' type=androidx.compose.runtime.MutableState<kotlin.collections.List<com.sar.ktor_sample1.model.Post>> origin=null
          ARG $query$delegate: GET_VAR 'val query$delegate: androidx.compose.runtime.MutableState<kotlin.String> [val] declared in com.sar.ktor_sample1.ui.screen.PostsScreenKt.PostsScreen' type=androidx.compose.runtime.MutableState<kotlin.String> origin=null
          ARG $completion: CONST Null type=kotlin.Nothing? value=null

	at org.jetbrains.kotlin.backend.jvm.codegen.FunctionCodegen.generate(FunctionCodegen.kt:50)
	at org.jetbrains.kotlin.backend.jvm.codegen.FunctionCodegen.generate$default(FunctionCodegen.kt:43)
	at org.jetbrains.kotlin.backend.jvm.codegen.ClassCodegen.generateMethodNode(ClassCodegen.kt:422)
	at org.jetbrains.kotlin.backend.jvm.codegen.ClassCodegen.generateMethod(ClassCodegen.kt:439)
	at org.jetbrains.kotlin.backend.jvm.codegen.ClassCodegen.generate(ClassCodegen.kt:164)
	at org.jetbrains.kotlin.backend.jvm.JvmIrCodegenFactory.generateFile(JvmIrCodegenFactory.kt:419)
	at org.jetbrains.kotlin.backend.jvm.JvmIrCodegenFactory.invokeCodegen(JvmIrCodegenFactory.kt:388)
	at org.jetbrains.kotlin.cli.jvm.compiler.KotlinToJVMBytecodeCompiler.runCodegen$cli(KotlinToJVMBytecodeCompiler.kt:431)
	at org.jetbrains.kotlin.cli.pipeline.jvm.JvmBackendPipelinePhase.executePhase(JvmBackendPipelinePhase.kt:95)
	at org.jetbrains.kotlin.cli.pipeline.jvm.JvmBackendPipelinePhase.executePhase(JvmBackendPipelinePhase.kt:36)
	at org.jetbrains.kotlin.cli.pipeline.jvm.JvmBackendPipelinePhase.executePhase(JvmBackendPipelinePhase.kt:29)
	at org.jetbrains.kotlin.cli.pipeline.PipelinePhase.phaseBody(PipelinePhase.kt:68)
	at org.jetbrains.kotlin.cli.pipeline.PipelinePhase.phaseBody(PipelinePhase.kt:58)
	at org.jetbrains.kotlin.config.phaser.NamedCompilerPhase.invoke(CompilerPhase.kt:102)
	at org.jetbrains.kotlin.backend.common.phaser.CompositePhase.invoke(PhaseBuilders.kt:22)
	at org.jetbrains.kotlin.config.phaser.CompilerPhaseKt.invokeToplevel(CompilerPhase.kt:53)
	at org.jetbrains.kotlin.cli.pipeline.AbstractCliPipeline.runPhasedPipeline(AbstractCliPipeline.kt:109)
	at org.jetbrains.kotlin.cli.pipeline.AbstractCliPipeline.execute(AbstractCliPipeline.kt:68)
	at org.jetbrains.kotlin.cli.jvm.K2JVMCompiler.doExecutePhased(K2JVMCompiler.kt:78)
	at org.jetbrains.kotlin.cli.jvm.K2JVMCompiler.doExecutePhased(K2JVMCompiler.kt:44)
	at org.jetbrains.kotlin.cli.common.CLICompiler.execImpl(CLICompiler.kt:90)
	at org.jetbrains.kotlin.cli.common.CLICompiler.exec(CLICompiler.kt:352)
	at org.jetbrains.kotlin.incremental.IncrementalJvmCompilerRunnerBase.runCompiler(IncrementalJvmCompilerRunnerBase.kt:175)
	at org.jetbrains.kotlin.incremental.IncrementalJvmCompilerRunnerBase.runCompiler(IncrementalJvmCompilerRunnerBase.kt:38)
	at org.jetbrains.kotlin.incremental.IncrementalCompilerRunner.doCompile(IncrementalCompilerRunner.kt:504)
	at org.jetbrains.kotlin.incremental.IncrementalCompilerRunner.compileImpl(IncrementalCompilerRunner.kt:421)
	at org.jetbrains.kotlin.incremental.IncrementalCompilerRunner.compileNonIncrementally(IncrementalCompilerRunner.kt:306)
	at org.jetbrains.kotlin.incremental.IncrementalCompilerRunner.compile(IncrementalCompilerRunner.kt:133)
	at org.jetbrains.kotlin.daemon.CompileServiceImplBase.execIncrementalCompiler(CompileServiceImpl.kt:679)
	at org.jetbrains.kotlin.daemon.CompileServiceImplBase.access$execIncrementalCompiler(CompileServiceImpl.kt:93)
	at org.jetbrains.kotlin.daemon.CompileServiceImpl.compile(CompileServiceImpl.kt:1806)
	at java.base/jdk.internal.reflect.DirectMethodHandleAccessor.invoke(Unknown Source)
	at java.base/java.lang.reflect.Method.invoke(Unknown Source)
	at java.rmi/sun.rmi.server.UnicastServerRef.dispatch(Unknown Source)
	at java.rmi/sun.rmi.transport.Transport$1.run(Unknown Source)
	at java.rmi/sun.rmi.transport.Transport$1.run(Unknown Source)
	at java.base/java.security.AccessController.doPrivileged(Unknown Source)
	at java.rmi/sun.rmi.transport.Transport.serviceCall(Unknown Source)
	at java.rmi/sun.rmi.transport.tcp.TCPTransport.handleMessages(Unknown Source)
	at java.rmi/sun.rmi.transport.tcp.TCPTransport$ConnectionHandler.run0(Unknown Source)
	at java.rmi/sun.rmi.transport.tcp.TCPTransport$ConnectionHandler.lambda$run$0(Unknown Source)
	at java.base/java.security.AccessController.doPrivileged(Unknown Source)
	at java.rmi/sun.rmi.transport.tcp.TCPTransport$ConnectionHandler.run(Unknown Source)
	at java.base/java.util.concurrent.ThreadPoolExecutor.runWorker(Unknown Source)
	at java.base/java.util.concurrent.ThreadPoolExecutor$Worker.run(Unknown Source)
	at java.base/java.lang.Thread.run(Unknown Source)
Caused by: org.jetbrains.kotlin.codegen.CompilationException: Back-end (JVM) Internal error: Couldn't inline method call: CALL 'public final fun remember <T> (calculation: @[DisallowComposableCalls] kotlin.Function0<T of androidx.compose.runtime.ComposablesKt.remember>): T of androidx.compose.runtime.ComposablesKt.remember [inline] declared in androidx.compose.runtime.ComposablesKt' type=androidx.compose.runtime.MutableState<kotlin.collections.List<com.sar.ktor_sample1.model.Post>> origin=null
Method: null
File is unknown
The root cause java.lang.IllegalStateException was thrown at: org.jetbrains.kotlin.codegen.inline.SourceCompilerForInlineKt.getMethodNode(SourceCompilerForInline.kt:129)
	at org.jetbrains.kotlin.backend.jvm.codegen.IrInlineCodegen.genInlineCall(IrInlineCodegen.kt:82)
	at org.jetbrains.kotlin.backend.jvm.codegen.IrInlineCallGenerator.genCall(IrInlineCallGenerator.kt:36)
	at org.jetbrains.kotlin.backend.jvm.codegen.ExpressionCodegen.visitCall(ExpressionCodegen.kt:586)
	at org.jetbrains.kotlin.backend.jvm.codegen.ExpressionCodegen.visitCall(ExpressionCodegen.kt:135)
	at org.jetbrains.kotlin.ir.expressions.IrCall.accept(IrCall.kt:24)
	at org.jetbrains.kotlin.backend.jvm.codegen.ExpressionCodegen.visitVariable(ExpressionCodegen.kt:725)
	at org.jetbrains.kotlin.backend.jvm.codegen.ExpressionCodegen.visitVariable(ExpressionCodegen.kt:135)
	at org.jetbrains.kotlin.ir.declarations.IrVariable.accept(IrVariable.kt:36)
	at org.jetbrains.kotlin.backend.jvm.codegen.ExpressionCodegen.visitStatementContainer(ExpressionCodegen.kt:527)
	at org.jetbrains.kotlin.backend.jvm.codegen.ExpressionCodegen.visitBlockBody(ExpressionCodegen.kt:532)
	at org.jetbrains.kotlin.backend.jvm.codegen.ExpressionCodegen.visitBlockBody(ExpressionCodegen.kt:135)
	at org.jetbrains.kotlin.ir.expressions.IrBlockBody.accept(IrBlockBody.kt:20)
	at org.jetbrains.kotlin.backend.jvm.codegen.ExpressionCodegen.generate(ExpressionCodegen.kt:233)
	at org.jetbrains.kotlin.backend.jvm.codegen.FunctionCodegen.doGenerate(FunctionCodegen.kt:126)
	at org.jetbrains.kotlin.backend.jvm.codegen.FunctionCodegen.generate(FunctionCodegen.kt:47)
	... 45 more
Caused by: java.lang.IllegalStateException: couldn't find inline method Landroidx/compose/runtime/ComposablesKt;.remember(Lkotlin/jvm/functions/Function0;)Ljava/lang/Object;
	at org.jetbrains.kotlin.codegen.inline.SourceCompilerForInlineKt.getMethodNode(SourceCompilerForInline.kt:129)
	at org.jetbrains.kotlin.codegen.inline.SourceCompilerForInlineKt.loadCompiledInlineFunction$lambda$2(SourceCompilerForInline.kt:98)
	at org.jetbrains.kotlin.codegen.inline.InlineCache.computeMethodBytes(InlineCache.kt:90)
	at org.jetbrains.kotlin.codegen.inline.SourceCompilerForInlineKt.loadCompiledInlineFunction(SourceCompilerForInline.kt:93)
	at org.jetbrains.kotlin.backend.jvm.codegen.IrSourceCompilerForInline.compileInlineFunction(IrSourceCompilerForInline.kt:96)
	at org.jetbrains.kotlin.backend.jvm.codegen.IrInlineCodegen.genInlineCall(IrInlineCodegen.kt:65)
	... 59 more


